<?xml version='1.0' encoding='UTF-8'?>
<testsuite hostname="Santhosh-Pavilion" name="Model.TopicResultHelperTest" tests="2" errors="0" failures="0" skipped="0" time="0.002" timestamp="2021-12-06T22:37:12">
                     <properties>
[...]
</properties>
                     <testcase classname="Model.TopicResultHelperTest" name="testTopic" time="0.001">
                                                 
                                               </testcase><testcase classname="Model.TopicResultHelperTest" name="addToTotalSearchListTest" time="0.001">
                                                 
                                               </testcase>
                     <system-out><![CDATA[]]></system-out>
                     <system-err><![CDATA[]]></system-err>
                   </testsuite>