<?xml version='1.0' encoding='UTF-8'?>
<testsuite hostname="LAPTOP-H2D5E3H6" name="Model.CommitsResultTest" tests="1" errors="0" failures="0" skipped="0" time="0.001" timestamp="2021-11-20T23:24:32">
                     <properties>
[...]
</properties>
                     <testcase classname="Model.CommitsResultTest" name="testCommitsApi" time="0.001">
                                                 
                                               </testcase>
                     <system-out><![CDATA[]]></system-out>
                     <system-err><![CDATA[]]></system-err>
                   </testsuite>